<?xml version="1.0" encoding="UTF-8"?>
<testng-results ignored="0" total="1" passed="1" failed="0" skipped="0">
  <reporter-output>
  </reporter-output>
  <suite started-at="2024-01-05T14:50:38 IST" name="Default suite" finished-at="2024-01-05T14:51:03 IST" duration-ms="25182">
    <groups>
    </groups>
    <test started-at="2024-01-05T14:50:38 IST" name="Default test" finished-at="2024-01-05T14:51:03 IST" duration-ms="25182">
      <class name="com.ex.NewTest">
        <test-method is-config="true" signature="beforeMethod()[pri:0, instance:com.ex.NewTest@4659191b]" started-at="2024-01-05T14:50:38 IST" name="beforeMethod" finished-at="2024-01-05T14:50:40 IST" duration-ms="1721" status="PASS">
          <reporter-output>
          </reporter-output>
        </test-method> <!-- beforeMethod -->
        <test-method signature="oracle()[pri:0, instance:com.ex.NewTest@4659191b]" started-at="2024-01-05T14:50:40 IST" name="oracle" finished-at="2024-01-05T14:51:03 IST" duration-ms="23405" status="PASS">
          <reporter-output>
          </reporter-output>
        </test-method> <!-- oracle -->
        <test-method is-config="true" signature="afterMethod()[pri:0, instance:com.ex.NewTest@4659191b]" started-at="2024-01-05T14:51:03 IST" name="afterMethod" finished-at="2024-01-05T14:51:03 IST" duration-ms="0" status="PASS">
          <reporter-output>
          </reporter-output>
        </test-method> <!-- afterMethod -->
      </class> <!-- com.ex.NewTest -->
    </test> <!-- Default test -->
  </suite> <!-- Default suite -->
</testng-results>
