<?xml version="1.0" encoding="UTF-8"?>
<testng-results ignored="0" total="2" passed="2" failed="0" skipped="0">
  <reporter-output>
  </reporter-output>
  <suite started-at="2024-01-15T15:53:36 IST" name="Default suite" finished-at="2024-01-15T15:53:49 IST" duration-ms="12137">
    <groups>
      <group name="Chrome">
        <method signature="Automation.f()[pri:0, instance:com.ex.Automation@53fdffa1]" name="f" class="com.ex.Automation"/>
      </group> <!-- Chrome -->
    </groups>
    <test started-at="2024-01-15T15:53:36 IST" name="Default test" finished-at="2024-01-15T15:53:49 IST" duration-ms="12137">
      <class name="com.ex.Automation">
        <test-method signature="Launch()[pri:0, instance:com.ex.Automation@53fdffa1]" started-at="2024-01-15T15:53:36 IST" name="Launch" finished-at="2024-01-15T15:53:40 IST" duration-ms="3260" status="PASS">
          <reporter-output>
          </reporter-output>
        </test-method> <!-- Launch -->
        <test-method signature="f()[pri:0, instance:com.ex.Automation@53fdffa1]" started-at="2024-01-15T15:53:40 IST" name="f" finished-at="2024-01-15T15:53:49 IST" depends-on-methods="com.ex.Automation.Launch" duration-ms="8804" status="PASS">
          <reporter-output>
          </reporter-output>
        </test-method> <!-- f -->
      </class> <!-- com.ex.Automation -->
    </test> <!-- Default test -->
  </suite> <!-- Default suite -->
</testng-results>
