<?xml version="1.0" encoding="UTF-8"?>
<testng-results ignored="0" total="2" passed="2" failed="0" skipped="0">
  <reporter-output>
  </reporter-output>
  <suite started-at="2024-01-04T20:52:34 IST" name="Default suite" finished-at="2024-01-04T20:52:34 IST" duration-ms="93">
    <groups>
    </groups>
    <test started-at="2024-01-04T20:52:34 IST" name="Default test" finished-at="2024-01-04T20:52:34 IST" duration-ms="93">
      <class name="com.ex.NewTest">
        <test-method is-config="true" signature="BeforeTest()[pri:0, instance:com.ex.NewTest@194bcebf]" started-at="2024-01-04T20:52:34 IST" name="BeforeTest" finished-at="2024-01-04T20:52:34 IST" duration-ms="13" status="PASS">
          <reporter-output>
          </reporter-output>
        </test-method> <!-- BeforeTest -->
        <test-method is-config="true" signature="BeforeMethod()[pri:0, instance:com.ex.NewTest@194bcebf]" started-at="2024-01-04T20:52:34 IST" name="BeforeMethod" finished-at="2024-01-04T20:52:34 IST" duration-ms="1" status="PASS">
          <reporter-output>
          </reporter-output>
        </test-method> <!-- BeforeMethod -->
        <test-method signature="Test1()[pri:0, instance:com.ex.NewTest@194bcebf]" started-at="2024-01-04T20:52:34 IST" name="Test1" finished-at="2024-01-04T20:52:34 IST" duration-ms="16" status="PASS">
          <reporter-output>
          </reporter-output>
        </test-method> <!-- Test1 -->
        <test-method is-config="true" signature="AfterMethod()[pri:0, instance:com.ex.NewTest@194bcebf]" started-at="2024-01-04T20:52:34 IST" name="AfterMethod" finished-at="2024-01-04T20:52:34 IST" duration-ms="1" status="PASS">
          <reporter-output>
          </reporter-output>
        </test-method> <!-- AfterMethod -->
        <test-method is-config="true" signature="BeforeMethod()[pri:0, instance:com.ex.NewTest@194bcebf]" started-at="2024-01-04T20:52:34 IST" name="BeforeMethod" finished-at="2024-01-04T20:52:34 IST" duration-ms="1" status="PASS">
          <reporter-output>
          </reporter-output>
        </test-method> <!-- BeforeMethod -->
        <test-method signature="Test2()[pri:0, instance:com.ex.NewTest@194bcebf]" started-at="2024-01-04T20:52:34 IST" name="Test2" finished-at="2024-01-04T20:52:34 IST" duration-ms="2" status="PASS">
          <reporter-output>
          </reporter-output>
        </test-method> <!-- Test2 -->
        <test-method is-config="true" signature="AfterMethod()[pri:0, instance:com.ex.NewTest@194bcebf]" started-at="2024-01-04T20:52:34 IST" name="AfterMethod" finished-at="2024-01-04T20:52:34 IST" duration-ms="1" status="PASS">
          <reporter-output>
          </reporter-output>
        </test-method> <!-- AfterMethod -->
        <test-method is-config="true" signature="AfterTest()[pri:0, instance:com.ex.NewTest@194bcebf]" started-at="2024-01-04T20:52:34 IST" name="AfterTest" finished-at="2024-01-04T20:52:34 IST" duration-ms="0" status="PASS">
          <reporter-output>
          </reporter-output>
        </test-method> <!-- AfterTest -->
      </class> <!-- com.ex.NewTest -->
    </test> <!-- Default test -->
  </suite> <!-- Default suite -->
</testng-results>
